<?xml version="1.0" encoding="UTF-8"?>
<testsuite name="PingPongTest" tests="4" skipped="0" failures="0" errors="0" timestamp="2016-04-18T23:14:04" hostname="epicodus-31.local" time="0.001">
  <properties/>
  <testcase name="PingPong_pingForNumbersDivisibleByFive_String" classname="PingPongTest" time="0.001"/>
  <testcase name="PingPong_pingForNumbersDivisibleByThree_String" classname="PingPongTest" time="0.0"/>
  <testcase name="PingPong_pingForNumbersDivisibleByFifteen_String" classname="PingPongTest" time="0.0"/>
  <testcase name="PingPong_countUpToGivenNumber_Array" classname="PingPongTest" time="0.0"/>
  <system-out><![CDATA[]]></system-out>
  <system-err><![CDATA[]]></system-err>
</testsuite>
